[debug] [2026-07-05T14:42:00.602Z] ----------------------------------------------------------------------
[debug] [2026-07-05T14:42:00.605Z] Command:       C:\Program Files\nodejs\node.exe C:\Users\cgker\AppData\Roaming\npm\node_modules\firebase-tools\lib\bin\firebase.js deploy --only hosting
[debug] [2026-07-05T14:42:00.605Z] CLI Version:   15.22.4
[debug] [2026-07-05T14:42:00.605Z] Platform:      win32
[debug] [2026-07-05T14:42:00.605Z] Node Version:  v22.15.0
[debug] [2026-07-05T14:42:00.605Z] Detected Agent: antigravity
[debug] [2026-07-05T14:42:00.605Z] Time:          Sun Jul 05 2026 17:42:00 GMT+0300 (GMT+03:00)
[debug] [2026-07-05T14:42:00.606Z] ----------------------------------------------------------------------
[debug] 
[debug] [2026-07-05T14:42:02.466Z] > command requires scopes: ["email","openid","https://www.googleapis.com/auth/cloudplatformprojects.readonly","https://www.googleapis.com/auth/firebase","https://www.googleapis.com/auth/cloud-platform"]
[debug] [2026-07-05T14:42:02.466Z] > authorizing via signed-in user (kerman.cagri@gmail.com)
[debug] [2026-07-05T14:42:02.466Z] [iam] checking project readixon-754ec for permissions ["firebase.projects.get","firebasehosting.sites.update"]
[debug] [2026-07-05T14:42:02.467Z] Checked if tokens are valid: true, expires at: 1783265431206
[debug] [2026-07-05T14:42:02.468Z] Checked if tokens are valid: true, expires at: 1783265431206
[debug] [2026-07-05T14:42:02.468Z] >>> [apiv2][query] POST https://cloudresourcemanager.googleapis.com/v1/projects/readixon-754ec:testIamPermissions [none]
[debug] [2026-07-05T14:42:02.469Z] >>> [apiv2][(partial)header] POST https://cloudresourcemanager.googleapis.com/v1/projects/readixon-754ec:testIamPermissions  x-goog-user-project=readixon-754ec
[debug] [2026-07-05T14:42:02.469Z] >>> [apiv2][body] POST https://cloudresourcemanager.googleapis.com/v1/projects/readixon-754ec:testIamPermissions {"permissions":["firebase.projects.get","firebasehosting.sites.update"]}
[debug] [2026-07-05T14:42:03.474Z] <<< [apiv2][status] POST https://cloudresourcemanager.googleapis.com/v1/projects/readixon-754ec:testIamPermissions 200
[debug] [2026-07-05T14:42:03.474Z] <<< [apiv2][body] POST https://cloudresourcemanager.googleapis.com/v1/projects/readixon-754ec:testIamPermissions {"permissions":["firebase.projects.get","firebasehosting.sites.update"]}
[debug] [2026-07-05T14:42:03.475Z] Checked if tokens are valid: true, expires at: 1783265431206
[debug] [2026-07-05T14:42:03.475Z] Checked if tokens are valid: true, expires at: 1783265431206
[debug] [2026-07-05T14:42:03.475Z] >>> [apiv2][query] GET https://firebase.googleapis.com/v1beta1/projects/readixon-754ec [none]
[debug] [2026-07-05T14:42:03.829Z] <<< [apiv2][status] GET https://firebase.googleapis.com/v1beta1/projects/readixon-754ec 200
[debug] [2026-07-05T14:42:03.829Z] <<< [apiv2][body] GET https://firebase.googleapis.com/v1beta1/projects/readixon-754ec {"projectId":"readixon-754ec","projectNumber":"812011581796","displayName":"Readixon","name":"projects/readixon-754ec","resources":{"hostingSite":"readixon-754ec"},"state":"ACTIVE","labels":{"firebase":"enabled","firebase/storage-default-bucket":"created"},"etag":"1_ecb66def-c198-44a1-824d-ae173d932b9b"}
[debug] [2026-07-05T14:42:11.592Z] Checked if tokens are valid: true, expires at: 1783265431206
[debug] [2026-07-05T14:42:11.593Z] Checked if tokens are valid: true, expires at: 1783265431206
[debug] [2026-07-05T14:42:11.593Z] >>> [apiv2][query] GET https://firebasehosting.googleapis.com/v1beta1/projects/readixon-754ec/sites pageToken=&pageSize=10
[debug] [2026-07-05T14:42:13.072Z] <<< [apiv2][status] GET https://firebasehosting.googleapis.com/v1beta1/projects/readixon-754ec/sites 200
[debug] [2026-07-05T14:42:13.072Z] <<< [apiv2][body] GET https://firebasehosting.googleapis.com/v1beta1/projects/readixon-754ec/sites {"sites":[{"name":"projects/readixon-754ec/sites/readixon-754ec","defaultUrl":"https://readixon-754ec.web.app","type":"DEFAULT_SITE"}]}
[debug] [2026-07-05T14:42:13.073Z] Checked if tokens are valid: true, expires at: 1783265431206
[debug] [2026-07-05T14:42:13.073Z] Checked if tokens are valid: true, expires at: 1783265431206
[debug] [2026-07-05T14:42:13.073Z] >>> [apiv2][query] GET https://firebasehosting.googleapis.com/v1beta1/projects/readixon-754ec/sites 
[debug] [2026-07-05T14:42:14.260Z] <<< [apiv2][status] GET https://firebasehosting.googleapis.com/v1beta1/projects/readixon-754ec/sites 200
[debug] [2026-07-05T14:42:14.260Z] <<< [apiv2][body] GET https://firebasehosting.googleapis.com/v1beta1/projects/readixon-754ec/sites {"sites":[{"name":"projects/readixon-754ec/sites/readixon-754ec","defaultUrl":"https://readixon-754ec.web.app","type":"DEFAULT_SITE"}]}
[debug] [2026-07-05T14:42:14.260Z] Checked if tokens are valid: true, expires at: 1783265431206
[debug] [2026-07-05T14:42:14.260Z] Checked if tokens are valid: true, expires at: 1783265431206
[debug] [2026-07-05T14:42:14.260Z] >>> [apiv2][query] GET https://firebase.googleapis.com/v1beta1/projects/readixon-754ec/webApps/-/config [none]
[debug] [2026-07-05T14:42:15.218Z] <<< [apiv2][status] GET https://firebase.googleapis.com/v1beta1/projects/readixon-754ec/webApps/-/config 200
[debug] [2026-07-05T14:42:15.218Z] <<< [apiv2][body] GET https://firebase.googleapis.com/v1beta1/projects/readixon-754ec/webApps/-/config {"projectId":"readixon-754ec","appId":"1:812011581796:web:68b0c6c78e781029ea8a71","storageBucket":"readixon-754ec.firebasestorage.app","apiKey":"AIzaSyCDiG_BYXQ_7LCmWB6Dg6IyuaCgPcKwlv8","authDomain":"readixon-754ec.firebaseapp.com","messagingSenderId":"812011581796","measurementId":"G-GNNEE54BEG","projectNumber":"812011581796","version":"2"}
[info] 
   Thank you for trying our early preview of Next.js support on Firebase Hosting.
   During the preview, support is best-effort and breaking changes can be expected. Proceed with caution.

   Documentation: https://firebase.google.com/docs/hosting/frameworks/nextjs
   File a bug: https://github.com/firebase/firebase-tools/issues/new?template=bug_report.md
   Submit a feature request: https://github.com/firebase/firebase-tools/issues/new?template=feature_request.md

   We'd love to learn from you. Express your interest in helping us shape the future of Firebase Hosting: https://goo.gle/41enW5X

[debug] [2026-07-05T14:42:32.115Z] Checked if tokens are valid: true, expires at: 1783265431206
[debug] [2026-07-05T14:42:32.116Z] Checked if tokens are valid: true, expires at: 1783265431206
[debug] [2026-07-05T14:42:32.116Z] >>> [apiv2][query] GET https://firebasehosting.googleapis.com/v1beta1/projects/readixon-754ec/sites/readixon-754ec [none]
[debug] [2026-07-05T14:42:33.307Z] <<< [apiv2][status] GET https://firebasehosting.googleapis.com/v1beta1/projects/readixon-754ec/sites/readixon-754ec 200
[debug] [2026-07-05T14:42:33.307Z] <<< [apiv2][body] GET https://firebasehosting.googleapis.com/v1beta1/projects/readixon-754ec/sites/readixon-754ec {"name":"projects/readixon-754ec/sites/readixon-754ec","defaultUrl":"https://readixon-754ec.web.app","type":"DEFAULT_SITE"}
[info]   ▲ Next.js 14.2.35

[info]   - Environments: .env.local


[info]    Creating an optimized production build ...

[info]  ✓ Compiled successfully

[info]    Linting and checking validity of types ...

[info]    Collecting page data ...

[info]    Generating static pages (0/18) ...

[info]    Generating static pages (4/18) 

[info]    Generating static pages (8/18) 

[info]    Generating static pages (13/18) 

[info]  ✓ Generating static pages (18/18)

[info]    Finalizing page optimization ...

[info]    Collecting build traces ...

[info] 

[info] Route (app)                                      Size     First Load JS
┌ ○ /                                            2.7 kB          264 kB
├ ○ /_not-found                                  142 B          87.5 kB
├ ƒ /explore/[category]                          3.35 kB         256 kB
├ ○ /explore/authors                             2.08 kB         264 kB
├ ○ /feed                                        5.24 kB         267 kB
├ ○ /library                                     2.74 kB         256 kB
├ ○ /login                                       2.26 kB         264 kB
├ ○ /messages                                    1.19 kB         254 kB
├ ƒ /messages/[chatId]                           3.1 kB          265 kB
├ ○ /notifications                               3.17 kB         265 kB
├ ○ /profile                                     722 B           237 kB
├ ƒ /profile/[username]                          12.8 kB         275 kB
├ ƒ /read/[storyId]                              3.11 kB         265 kB
├ ƒ /read/[storyId]/[chapterId]                  4.32 kB         257 kB
├ ○ /readix                                      4.13 kB         266 kB
├ ○ /register                                    2.64 kB         264 kB
├ ○ /search                                      3.29 kB         265 kB
├ ○ /settings                                    3.65 kB         266 kB
├ ƒ /story/[slug]                                6.74 kB         268 kB
├ ○ /studio                                      3.02 kB         265 kB
├ ○ /studio/stats                                3.21 kB         256 kB
├ ƒ /studio/story/[storyId]                      3.58 kB         266 kB
└ ƒ /studio/story/[storyId]/chapter/[chapterId]  2.05 kB         264 kB
+ First Load JS shared by all                    87.3 kB
  ├ chunks/7f7c90a3-be9e8c40f8f37a5a.js          53.6 kB
  ├ chunks/9336-126275dfd9e2aa00.js              31.7 kB
  └ other shared chunks (total)                  1.96 kB



[info] ○  (Static)   prerendered as static content
ƒ  (Dynamic)  server-rendered on demand


[info] Building a Cloud Function to run this application. This is needed due to:
[info]  • non-static component /read/[storyId]/page
[info]  • non-static component /read/[storyId]/[chapterId]/page
[info]  • non-static component /(main)/explore/[category]/page
[info]  • non-static component /studio/story/[storyId]/page
[info]  • non-static component /studio/story/[storyId]/chapter/[chapterId]/page
[debug] [2026-07-05T14:43:16.121Z]  • non-static component /(main)/messages/[chatId]/page
[debug] [2026-07-05T14:43:16.121Z]  • non-static component /(main)/profile/[username]/page
[debug] [2026-07-05T14:43:16.121Z]  • non-static component /(main)/story/[slug]/page
[info]  • and 3 other reasons, use --debug to see more
[info] 
[debug] [2026-07-05T14:43:26.631Z] Checked if tokens are valid: true, expires at: 1783265431206
[debug] [2026-07-05T14:43:26.631Z] Checked if tokens are valid: true, expires at: 1783265431206
[debug] [2026-07-05T14:43:26.631Z] >>> [apiv2][query] GET https://firebasehosting.googleapis.com/v1beta1/projects/readixon-754ec/sites/readixon-754ec [none]
[debug] [2026-07-05T14:43:27.958Z] <<< [apiv2][status] GET https://firebasehosting.googleapis.com/v1beta1/projects/readixon-754ec/sites/readixon-754ec 200
[debug] [2026-07-05T14:43:27.958Z] <<< [apiv2][body] GET https://firebasehosting.googleapis.com/v1beta1/projects/readixon-754ec/sites/readixon-754ec {"name":"projects/readixon-754ec/sites/readixon-754ec","defaultUrl":"https://readixon-754ec.web.app","type":"DEFAULT_SITE"}
[debug] [2026-07-05T14:43:30.148Z] Error: Command failed: npm i --omit dev --no-audit
    at genericNodeError (node:internal/errors:983:15)
    at wrappedFn (node:internal/errors:537:14)
    at checkExecSyncError (node:child_process:882:11)
    at execSync (node:child_process:954:15)
    at prepareFrameworks (C:\Users\cgker\AppData\Roaming\npm\node_modules\firebase-tools\lib\frameworks\index.js:373:42)
    at async deploy (C:\Users\cgker\AppData\Roaming\npm\node_modules\firebase-tools\lib\deploy\index.js:80:9)
[error] 
[error] Error: An unexpected error has occurred.
